********************************************************************************
product = WebSphere Application Server 19.0.0.9 (wlp-1.0.32.cl190920190905-0148)
wlp.install.dir = D:/IBM/WebSphere/Liberty/
java.home = D:\IBM\HTTPServer\java\8.0\jre
java.version = 1.8.0_211
java.runtime = Java(TM) SE Runtime Environment (8.0.5.35 - pwa6480sr5fp35-20190418_01(SR5 FP35))
os = Windows 10 (10.0; amd64) (zh_TW)
process = 2384@LAICHIENFU0DD3
********************************************************************************
[2020/8/10   15:29:48:288 CST] 00000001 com.ibm.ws.kernel.launch.internal.FrameworkManager           A CWWKE0001I: 已啟動伺服器 sybox。
[2020/8/10   15:33:21:697 CST] 00000001 com.ibm.ws.kernel.launch.internal.FrameworkManager           I CWWKE0002I: 核心在 213.582 秒 之後啟動
[2020/8/10   15:33:21:781 CST] 00000021 com.ibm.ws.kernel.feature.internal.FeatureManager            I CWWKF0007I: 特性更新已啟動。
[2020/8/10   15:33:21:969 CST] 00000017 com.ibm.ws.security.ready.internal.SecurityReadyServiceImpl  I CWWKS0007I: 安全服務啟動中...
[2020/8/10   15:33:22:137 CST] 00000018 com.ibm.ws.app.manager.internal.monitor.DropinMonitor        A CWWKZ0058I: 監視 dropins 以尋找應用程式。
[2020/8/10   15:33:22:249 CST] 00000024 com.ibm.ws.tcpchannel.internal.TCPChannel                    I CWWKO0219I: 已啟動 TCP 通道 defaultHttpEndpoint，且現在正在主機 127.0.0.1  (IPv4: 127.0.0.1) 埠 9080 上接聽要求。
[2020/8/10   15:33:22:400 CST] 00000017 com.ibm.ws.cache.ServerCache                                 I DYNA1001I: 已順利起始設定名為 baseCache 的「WebSphere 動態快取」實例。
[2020/8/10   15:33:22:404 CST] 00000017 com.ibm.ws.cache.ServerCache                                 I DYNA1071I: 正在使用快取提供者 default。
[2020/8/10   15:33:22:405 CST] 00000017 com.ibm.ws.cache.CacheServiceImpl                            I DYNA1056I: 「動態快取（物件快取）」起始設定成功。
[2020/8/10   15:33:22:452 CST] 00000017 ibm.ws.security.authentication.internal.jaas.JAASServiceImpl I CWWKS1123I: 類別名稱為 NullCollectiveAuthenticationPlugin 的群體鑑別外掛程式已啟動。
[2020/8/10   15:33:22:725 CST] 00000028 com.ibm.ws.security.ready.internal.SecurityReadyServiceImpl  I CWWKS0008I: 安全服務已備妥。
[2020/8/10   15:33:22:730 CST] 00000028 com.ibm.ws.security.token.ltpa.internal.LTPAKeyCreateTask    I CWWKS4105I: LTPA 配置在 0.297 秒之後備妥。
[2020/8/10   15:33:22:937 CST] 00000017 com.ibm.ws.ui.internal.v1.pojo.POJOLoaderService             I CWWKX1015I: 已起始設定「管理中心」的 FILE 持續層。
[2020/8/10   15:33:22:939 CST] 00000017 com.ibm.ws.ui.internal.v1.pojo.PlainTextLoaderService        I CWWKX1063I: 已起始設定「管理中心」工具資料載入器的 FILE 持續層。
[2020/8/10   15:33:23:049 CST] 0000001d com.ibm.ws.ssl.config.WSKeyStore                             I Successfully loaded default keystore: D:/IBM/WebSphere/Liberty/usr/servers/sybox/resources/security/plugin-key.p12 of type: PKCS12
[2020/8/10   15:33:23:083 CST] 00000024 com.ibm.ws.tcpchannel.internal.TCPChannel                    I CWWKO0219I: 已啟動 TCP 通道 defaultHttpEndpoint-ssl，且現在正在主機 127.0.0.1  (IPv4: 127.0.0.1) 埠 9443 上接聽要求。
[2020/8/10   15:33:23:318 CST] 00000021 com.ibm.ws.kernel.feature.internal.FeatureManager            A CWWKF0012I: 伺服器已安裝下列特性：[adminCenter-1.0, distributedMap-1.0, el-3.0, jdbc-4.2, jndi-1.0, json-1.0, jsp-2.3, localConnector-1.0, restConnector-2.0, servlet-3.1, ssl-1.0, transportSecurity-1.0]。
[2020/8/10   15:33:23:411 CST] 00000021 com.ibm.ws.kernel.feature.internal.FeatureManager            I CWWKF0008I: 特性更新已在 1.701 秒內完成。
[2020/8/10   15:33:23:427 CST] 00000021 com.ibm.ws.kernel.feature.internal.FeatureManager            A CWWKF0011I: sybox 伺服器已準備好執行 Smarter Planet。sybox 伺服器已在 215.304 秒內啟動。
[2020/8/10   15:33:23:490 CST] 00000028 com.ibm.ws.webcontainer.osgi.webapp.WebGroup                 I SRVE0169I: 正在載入 Web 模組：ibm/api。
[2020/8/10   15:33:23:505 CST] 00000028 com.ibm.ws.webcontainer                                      I SRVE0250I: Web 模組 ibm/api 已連結至 default_host。
[2020/8/10   15:33:23:505 CST] 00000028 com.ibm.ws.http.internal.VirtualHostImpl                     A CWWKT0016I: Web 應用程式可用 (default_host)：http://localhost:9080/ibm/api/
[2020/8/10   15:33:23:583 CST] 00000023 com.ibm.ws.webcontainer.osgi.webapp.WebGroup                 I SRVE0169I: 正在載入 Web 模組：IBMJMXConnectorREST。
[2020/8/10   15:33:23:583 CST] 00000023 com.ibm.ws.webcontainer                                      I SRVE0250I: Web 模組 IBMJMXConnectorREST 已連結至 default_host。
[2020/8/10   15:33:23:583 CST] 00000023 com.ibm.ws.http.internal.VirtualHostImpl                     A CWWKT0016I: Web 應用程式可用 (default_host)：http://localhost:9080/IBMJMXConnectorREST/
[2020/8/10   15:33:23:599 CST] 00000023 com.ibm.ws.jmx.connector.server.rest.RESTAppListener         I CWWKX0103I: JMX REST 連接器執行中，可從下列服務 URL 取得：service:jmx:rest://localhost:9443/IBMJMXConnectorREST
[2020/8/10   15:33:23:615 CST] 00000023 com.ibm.ws.jmx.connector.server.rest.RESTAppListener         I CWWKX0103I: JMX REST 連接器執行中，可從下列服務 URL 取得：service:jmx:rest://localhost:9443/IBMJMXConnectorREST
[2020/8/10   15:33:23:615 CST] 00000021 com.ibm.ws.webcontainer.osgi.webapp.WebGroup                 I SRVE0169I: 正在載入 Web 模組：The Liberty Server Config Tool。
[2020/8/10   15:33:23:615 CST] 00000021 com.ibm.ws.webcontainer                                      I SRVE0250I: Web 模組 The Liberty Server Config Tool 已連結至 default_host。
[2020/8/10   15:33:23:615 CST] 00000021 com.ibm.ws.http.internal.VirtualHostImpl                     A CWWKT0016I: Web 應用程式可用 (default_host)：http://localhost:9080/ibm/adminCenter/serverConfig-1.0/
[2020/8/10   15:33:23:661 CST] 00000024 com.ibm.ws.webcontainer.osgi.webapp.WebGroup                 I SRVE0169I: 正在載入 Web 模組：The Liberty Admin Center。
[2020/8/10   15:33:23:661 CST] 00000024 com.ibm.ws.webcontainer                                      I SRVE0250I: Web 模組 The Liberty Admin Center 已連結至 default_host。
[2020/8/10   15:33:23:661 CST] 00000024 com.ibm.ws.http.internal.VirtualHostImpl                     A CWWKT0016I: Web 應用程式可用 (default_host)：http://localhost:9080/adminCenter/
[2020/8/10   15:33:23:708 CST] 00000024 com.ibm.ws.session.WASSessionCore                            I SESN8501I: 階段作業管理程式未找到持續性儲存體位置；HttpSession 物件將儲存在本端應用程式伺服器的記憶體中。
[2020/8/10   15:33:23:708 CST] 00000024 com.ibm.ws.session.WASSessionCore                            I SESN0176I: 將針對應用程式索引鍵 default_host/ibm/adminCenter/serverConfig-1.0 來建立新的階段作業環境定義
[2020/8/10   15:33:23:708 CST] 00000023 com.ibm.ws.session.WASSessionCore                            I SESN0176I: 將針對應用程式索引鍵 default_host/ibm/api 來建立新的階段作業環境定義
[2020/8/10   15:33:23:708 CST] 00000021 com.ibm.ws.session.WASSessionCore                            I SESN0176I: 將針對應用程式索引鍵 default_host/IBMJMXConnectorREST 來建立新的階段作業環境定義
[2020/8/10   15:33:23:708 CST] 00000024 com.ibm.ws.util                                              I SESN0172I: 階段作業管理程式利用 Java 預設 SecureRandom 實作來產生階段作業 ID。
[2020/8/10   15:33:23:724 CST] 00000028 com.ibm.ws.webcontainer.osgi.webapp.WebGroup                 I SRVE0169I: 正在載入 Web 模組：The Liberty Explore Tool。
[2020/8/10   15:33:23:724 CST] 00000028 com.ibm.ws.webcontainer                                      I SRVE0250I: Web 模組 The Liberty Explore Tool 已連結至 default_host。
[2020/8/10   15:33:23:724 CST] 00000028 com.ibm.ws.http.internal.VirtualHostImpl                     A CWWKT0016I: Web 應用程式可用 (default_host)：http://localhost:9080/ibm/adminCenter/explore-1.0/
[2020/8/10   15:33:23:724 CST] 00000023 com.ibm.ws.util                                              I SESN0172I: 階段作業管理程式利用 Java 預設 SecureRandom 實作來產生階段作業 ID。
[2020/8/10   15:33:23:724 CST] 00000021 com.ibm.ws.util                                              I SESN0172I: 階段作業管理程式利用 Java 預設 SecureRandom 實作來產生階段作業 ID。
[2020/8/10   15:33:23:724 CST] 00000028 com.ibm.ws.session.WASSessionCore                            I SESN0176I: 將針對應用程式索引鍵 default_host/adminCenter 來建立新的階段作業環境定義
[2020/8/10   15:33:23:724 CST] 00000028 com.ibm.ws.util                                              I SESN0172I: 階段作業管理程式利用 Java 預設 SecureRandom 實作來產生階段作業 ID。
[2020/8/10   15:33:23:724 CST] 00000023 com.ibm.ws.cache.CacheServiceImpl                            I DYNA1056I: 「動態快取（物件快取）」起始設定成功。
[2020/8/10   15:33:23:771 CST] 00000024 com.ibm.ws.session.WASSessionCore                            I SESN0176I: 將針對應用程式索引鍵 default_host/ibm/adminCenter/explore-1.0 來建立新的階段作業環境定義
[2020/8/10   15:33:23:786 CST] 00000024 com.ibm.ws.util                                              I SESN0172I: 階段作業管理程式利用 Java 預設 SecureRandom 實作來產生階段作業 ID。
[2020/8/10   15:33:23:802 CST] 00000023 com.ibm.ws.webcontainer.osgi.mbeans.PluginGenerator          I SRVE9103I: 已自動為此伺服器在 D:\IBM\WebSphere\Liberty\usr\servers\sybox\logs\state\plugin-cfg.xml 產生 Web 伺服器外掛程式的配置檔。
[2020/8/10   15:33:23:818 CST] 00000021 com.ibm.ws.webcontainer.servlet                              I SRVE0242I: [com.ibm.ws.jmx.connector.server.rest] [/IBMJMXConnectorREST] [JMXRESTProxyServlet]: 起始設定順利完成。
[2020/8/10   15:33:31:592 CST] 00000021 com.ibm.ws.webcontainer.servlet                              I SRVE0242I: [com.ibm.ws.ui] [/adminCenter] [/login.jsp]: 起始設定順利完成。
[2020/8/10   15:33:36:493 CST] 00000021 com.ibm.ws.webcontainer.servlet                              I SRVE0242I: [com.ibm.ws.ui] [/adminCenter] [/toolbox.jsp]: 起始設定順利完成。
[2020/8/10   15:33:36:571 CST] 00000034 com.ibm.ws.webcontainer.servlet                              I SRVE0242I: [com.ibm.ws.rest.handler] [/ibm/api] [RESTProxyServlet]: 起始設定順利完成。
[2020/8/10   15:33:36:603 CST] 00000034 com.ibm.ws.ui.internal.v1.pojo.POJOLoaderService             I CWWKX1029I: 已載入使用者 admin 的「管理中心」預設工具箱。
[2020/8/10   15:33:36:604 CST] 00000034 com.ibm.ws.ui.internal.v1.pojo.POJOLoaderService             I CWWKX1000I: 已載入「管理中心」預設型錄。
[2020/8/10   15:35:02:671 CST] 00000054 com.ibm.ws.config.xml.internal.ConfigRefresher               A CWWKG0016I: 開始進行伺服器配置更新。
[2020/8/10   15:35:02:773 CST] 00000054 com.ibm.ws.config.xml.internal.ConfigRefresher               A CWWKG0017I: 已在 0.109 秒內順利更新伺服器配置。
[2020/8/10   15:36:14:098 CST] 00000014 com.ibm.ws.kernel.launch.internal.FrameworkManager           A CWWKE0085I: 伺服器 sybox 停止中，因為 JVM 正在結束。
[2020/8/10   15:36:14:112 CST] 0000006a com.ibm.ws.runtime.update.internal.RuntimeUpdateManagerImpl  A CWWKE1100I: 伺服器最多等待 30 秒來靜止。
[2020/8/10   15:36:14:136 CST] 00000064 com.ibm.ws.tcpchannel.internal.TCPChannel                    I CWWKO0220I: TCP 通道 defaultHttpEndpoint-ssl 已停止在主機 127.0.0.1  (IPv4: 127.0.0.1) 埠 9443 上接聽要求。
[2020/8/10   15:36:14:166 CST] 00000064 com.ibm.ws.tcpchannel.internal.TCPChannel                    I CWWKO0220I: TCP 通道 defaultHttpEndpoint 已停止在主機 127.0.0.1  (IPv4: 127.0.0.1) 埠 9080 上接聽要求。
[2020/8/10   15:36:14:167 CST] 00000064 com.ibm.ws.http.internal.VirtualHostImpl                     A CWWKT0017I: Web 應用程式已移除 (default_host)：http://localhost:9080/ibm/adminCenter/serverConfig-1.0/
[2020/8/10   15:36:14:172 CST] 00000064 com.ibm.ws.http.internal.VirtualHostImpl                     A CWWKT0017I: Web 應用程式已移除 (default_host)：http://localhost:9080/adminCenter/
[2020/8/10   15:36:14:181 CST] 00000064 com.ibm.ws.http.internal.VirtualHostImpl                     A CWWKT0017I: Web 應用程式已移除 (default_host)：http://localhost:9080/ibm/api/
[2020/8/10   15:36:14:182 CST] 00000064 com.ibm.ws.http.internal.VirtualHostImpl                     A CWWKT0017I: Web 應用程式已移除 (default_host)：http://localhost:9080/IBMJMXConnectorREST/
[2020/8/10   15:36:14:184 CST] 00000064 com.ibm.ws.http.internal.VirtualHostImpl                     A CWWKT0017I: Web 應用程式已移除 (default_host)：http://localhost:9080/ibm/adminCenter/explore-1.0/
[2020/8/10   15:36:15:185 CST] 0000006a com.ibm.ws.runtime.update.internal.RuntimeUpdateManagerImpl  I CWWKE1101I: 伺服器靜止完成。
[2020/8/10   15:36:15:411 CST] 0000006a com.ibm.ws.security.ready.internal.SecurityReadyServiceImpl  I CWWKS0009I: 安全服務已停止。
[2020/8/10   15:36:15:427 CST] 0000006a ibm.ws.security.authentication.internal.jaas.JAASServiceImpl I CWWKS1124I: 類別名稱為 NullCollectiveAuthenticationPlugin 的群體鑑別外掛程式已關閉。
[2020/8/10   15:36:15:753 CST] 00000001 com.ibm.ws.kernel.launch.internal.FrameworkManager           A CWWKE0036I: 伺服器 sybox 在 6 分鐘, 27.638 秒 之後停止。
